<?xml version="1.0" encoding="UTF-8"?>
<coverage generated="1596860157315" clover="3.2.0">
  <project timestamp="1596860157315" name="All files">
    <metrics statements="21" coveredstatements="15" conditionals="10" coveredconditionals="7" methods="2" coveredmethods="1" elements="33" coveredelements="23" complexity="0" loc="21" ncloc="21" packages="1" files="1" classes="1"/>
    <file name="validator.js" path="/home/estefania/Escritorio/LIM013-card-validation/src/validator.js">
      <metrics statements="21" coveredstatements="15" conditionals="10" coveredconditionals="7" methods="2" coveredmethods="1"/>
      <line num="1" count="1" type="stmt"/>
      <line num="4" count="3" type="stmt"/>
      <line num="5" count="3" type="cond" truecount="1" falsecount="1"/>
      <line num="6" count="0" type="stmt"/>
      <line num="8" count="3" type="stmt"/>
      <line num="9" count="3" type="stmt"/>
      <line num="10" count="3" type="stmt"/>
      <line num="11" count="34" type="stmt"/>
      <line num="12" count="34" type="cond" truecount="2" falsecount="0"/>
      <line num="13" count="16" type="stmt"/>
      <line num="14" count="16" type="cond" truecount="2" falsecount="0"/>
      <line num="15" count="8" type="stmt"/>
      <line num="17" count="34" type="stmt"/>
      <line num="19" count="3" type="cond" truecount="2" falsecount="0"/>
      <line num="20" count="2" type="stmt"/>
      <line num="23" count="1" type="stmt"/>
      <line num="27" count="0" type="stmt"/>
      <line num="28" count="0" type="cond" truecount="0" falsecount="2"/>
      <line num="29" count="0" type="stmt"/>
      <line num="30" count="0" type="stmt"/>
      <line num="32" count="0" type="stmt"/>
    </file>
  </project>
</coverage>
