{"/home/estefania/Escritorio/LIM013-card-validation/src/validator.js": {"path":"/home/estefania/Escritorio/LIM013-card-validation/src/validator.js","statementMap":{"0":{"start":{"line":1,"column":18},"end":{"line":35,"column":1}},"1":{"start":{"line":4,"column":21},"end":{"line":4,"column":41}},"2":{"start":{"line":5,"column":8},"end":{"line":7,"column":9}},"3":{"start":{"line":6,"column":12},"end":{"line":6,"column":25}},"4":{"start":{"line":8,"column":8},"end":{"line":8,"column":25}},"5":{"start":{"line":9,"column":18},"end":{"line":9,"column":19}},"6":{"start":{"line":10,"column":8},"end":{"line":18,"column":9}},"7":{"start":{"line":10,"column":21},"end":{"line":10,"column":22}},"8":{"start":{"line":11,"column":22},"end":{"line":11,"column":41}},"9":{"start":{"line":12,"column":12},"end":{"line":16,"column":13}},"10":{"start":{"line":13,"column":16},"end":{"line":13,"column":25}},"11":{"start":{"line":14,"column":16},"end":{"line":15,"column":25}},"12":{"start":{"line":15,"column":16},"end":{"line":15,"column":25}},"13":{"start":{"line":17,"column":12},"end":{"line":17,"column":23}},"14":{"start":{"line":19,"column":8},"end":{"line":24,"column":9}},"15":{"start":{"line":20,"column":12},"end":{"line":20,"column":24}},"16":{"start":{"line":23,"column":12},"end":{"line":23,"column":25}},"17":{"start":{"line":27,"column":20},"end":{"line":27,"column":22}},"18":{"start":{"line":28,"column":8},"end":{"line":33,"column":9}},"19":{"start":{"line":29,"column":12},"end":{"line":31,"column":13}},"20":{"start":{"line":29,"column":25},"end":{"line":29,"column":26}},"21":{"start":{"line":30,"column":16},"end":{"line":30,"column":35}},"22":{"start":{"line":32,"column":12},"end":{"line":32,"column":78}}},"fnMap":{"0":{"name":"(anonymous_0)","decl":{"start":{"line":3,"column":13},"end":{"line":3,"column":14}},"loc":{"start":{"line":3,"column":35},"end":{"line":25,"column":5}},"line":3},"1":{"name":"(anonymous_1)","decl":{"start":{"line":26,"column":13},"end":{"line":26,"column":14}},"loc":{"start":{"line":26,"column":25},"end":{"line":34,"column":5}},"line":26}},"branchMap":{"0":{"loc":{"start":{"line":5,"column":8},"end":{"line":7,"column":9}},"type":"if","locations":[{"start":{"line":5,"column":8},"end":{"line":7,"column":9}},{"start":{"line":5,"column":8},"end":{"line":7,"column":9}}],"line":5},"1":{"loc":{"start":{"line":12,"column":12},"end":{"line":16,"column":13}},"type":"if","locations":[{"start":{"line":12,"column":12},"end":{"line":16,"column":13}},{"start":{"line":12,"column":12},"end":{"line":16,"column":13}}],"line":12},"2":{"loc":{"start":{"line":14,"column":16},"end":{"line":15,"column":25}},"type":"if","locations":[{"start":{"line":14,"column":16},"end":{"line":15,"column":25}},{"start":{"line":14,"column":16},"end":{"line":15,"column":25}}],"line":14},"3":{"loc":{"start":{"line":19,"column":8},"end":{"line":24,"column":9}},"type":"if","locations":[{"start":{"line":19,"column":8},"end":{"line":24,"column":9}},{"start":{"line":19,"column":8},"end":{"line":24,"column":9}}],"line":19},"4":{"loc":{"start":{"line":28,"column":8},"end":{"line":33,"column":9}},"type":"if","locations":[{"start":{"line":28,"column":8},"end":{"line":33,"column":9}},{"start":{"line":28,"column":8},"end":{"line":33,"column":9}}],"line":28}},"s":{"0":1,"1":3,"2":3,"3":0,"4":3,"5":3,"6":3,"7":3,"8":34,"9":34,"10":16,"11":16,"12":8,"13":34,"14":3,"15":2,"16":1,"17":3,"18":3,"19":3,"20":3,"21":18,"22":3},"f":{"0":3,"1":3},"b":{"0":[0,3],"1":[16,18],"2":[8,8],"3":[2,1],"4":[3,0]},"_coverageSchema":"43e27e138ebf9cfc5966b082cf9a028302ed4184","hash":"c3bc3da24db0680db520bc39e0794cae47efb03f"}
}
