TN:
SF:/home/estefania/Escritorio/LIM013-card-validation/src/validator.js
FN:3,(anonymous_0)
FN:26,(anonymous_1)
FNF:2
FNH:1
FNDA:3,(anonymous_0)
FNDA:0,(anonymous_1)
DA:1,1
DA:4,3
DA:5,3
DA:6,0
DA:8,3
DA:9,3
DA:10,3
DA:11,34
DA:12,34
DA:13,16
DA:14,16
DA:15,8
DA:17,34
DA:19,3
DA:20,2
DA:23,1
DA:27,0
DA:28,0
DA:29,0
DA:30,0
DA:32,0
LF:21
LH:15
BRDA:5,0,0,0
BRDA:5,0,1,3
BRDA:12,1,0,16
BRDA:12,1,1,18
BRDA:14,2,0,8
BRDA:14,2,1,8
BRDA:19,3,0,2
BRDA:19,3,1,1
BRDA:28,4,0,0
BRDA:28,4,1,0
BRF:10
BRH:7
end_of_record
